<?xml version="1.0" encoding="UTF-8"?>
<testng-results ignored="0" total="1" passed="1" failed="0" skipped="0">
  <reporter-output>
  </reporter-output>
  <suite started-at="2021-04-05T17:38:20 EDT" name="Default suite" finished-at="2021-04-05T17:38:36 EDT" duration-ms="15516">
    <groups>
    </groups>
    <test started-at="2021-04-05T17:38:20 EDT" name="Default test" finished-at="2021-04-05T17:38:36 EDT" duration-ms="15516">
      <class name="SeleniumTest">
        <test-method is-config="true" signature="setUp()[pri:0, instance:SeleniumTest@5ae50ce6]" started-at="2021-04-05T17:38:20 EDT" name="setUp" finished-at="2021-04-05T17:38:25 EDT" duration-ms="4532" status="PASS">
          <reporter-output>
          </reporter-output>
        </test-method> <!-- setUp -->
        <test-method signature="amazonItem()[pri:0, instance:SeleniumTest@5ae50ce6]" started-at="2021-04-05T17:38:25 EDT" name="amazonItem" finished-at="2021-04-05T17:38:35 EDT" duration-ms="10279" status="PASS">
          <reporter-output>
          </reporter-output>
        </test-method> <!-- amazonItem -->
        <test-method is-config="true" signature="tearDown()[pri:0, instance:SeleniumTest@5ae50ce6]" started-at="2021-04-05T17:38:35 EDT" name="tearDown" finished-at="2021-04-05T17:38:36 EDT" duration-ms="666" status="PASS">
          <reporter-output>
          </reporter-output>
        </test-method> <!-- tearDown -->
      </class> <!-- SeleniumTest -->
    </test> <!-- Default test -->
  </suite> <!-- Default suite -->
</testng-results>
